[debug] [2026-06-17T22:48:41.785Z] ----------------------------------------------------------------------
[debug] [2026-06-17T22:48:41.786Z] Command:       /home/primo/.nvm/versions/node/v24.14.1/bin/node /home/primo/developer/portfolio-v2/node_modules/firebase-tools/lib/bin/firebase.js deploy
[debug] [2026-06-17T22:48:41.786Z] CLI Version:   14.27.0
[debug] [2026-06-17T22:48:41.787Z] Platform:      linux
[debug] [2026-06-17T22:48:41.787Z] Node Version:  v24.14.1
[debug] [2026-06-17T22:48:41.787Z] Time:          Wed Jun 17 2026 17:48:41 GMT-0500 (Colombia Standard Time)
[debug] [2026-06-17T22:48:41.787Z] ----------------------------------------------------------------------
[debug] 
[debug] [2026-06-17T22:48:41.942Z] > command requires scopes: ["email","openid","https://www.googleapis.com/auth/cloudplatformprojects.readonly","https://www.googleapis.com/auth/firebase","https://www.googleapis.com/auth/cloud-platform"]
[debug] [2026-06-17T22:48:41.942Z] > authorizing via signed-in user (juanskate326@gmail.com)
[debug] [2026-06-17T22:48:41.943Z] [iam] checking project primooo for permissions ["firebase.projects.get","firebasehosting.sites.update"]
[debug] [2026-06-17T22:48:41.943Z] Checked if tokens are valid: true, expires at: 1781739635808
[debug] [2026-06-17T22:48:41.944Z] Checked if tokens are valid: true, expires at: 1781739635808
[debug] [2026-06-17T22:48:41.944Z] >>> [apiv2][query] POST https://cloudresourcemanager.googleapis.com/v1/projects/primooo:testIamPermissions [none]
[debug] [2026-06-17T22:48:41.944Z] >>> [apiv2][(partial)header] POST https://cloudresourcemanager.googleapis.com/v1/projects/primooo:testIamPermissions x-goog-quota-user=projects/primooo
[debug] [2026-06-17T22:48:41.945Z] >>> [apiv2][body] POST https://cloudresourcemanager.googleapis.com/v1/projects/primooo:testIamPermissions {"permissions":["firebase.projects.get","firebasehosting.sites.update"]}
[debug] [2026-06-17T22:48:42.499Z] <<< [apiv2][status] POST https://cloudresourcemanager.googleapis.com/v1/projects/primooo:testIamPermissions 200
[debug] [2026-06-17T22:48:42.499Z] <<< [apiv2][body] POST https://cloudresourcemanager.googleapis.com/v1/projects/primooo:testIamPermissions {"permissions":["firebase.projects.get","firebasehosting.sites.update"]}
[debug] [2026-06-17T22:48:42.499Z] Checked if tokens are valid: true, expires at: 1781739635808
[debug] [2026-06-17T22:48:42.499Z] Checked if tokens are valid: true, expires at: 1781739635808
[debug] [2026-06-17T22:48:42.500Z] >>> [apiv2][query] GET https://firebase.googleapis.com/v1beta1/projects/primooo [none]
